Determining if the pthread_create exist failed with the following output:
Change Dir: /home/meirelles/ws_moveit/build/panda_moveit_config/CMakeFiles/CMakeTmp

Run Build Command:"/usr/bin/make" "cmTC_1aae6/fast"
/usr/bin/make -f CMakeFiles/cmTC_1aae6.dir/build.make CMakeFiles/cmTC_1aae6.dir/build
make[1]: Entering directory '/home/meirelles/ws_moveit/build/panda_moveit_config/CMakeFiles/CMakeTmp'
Building C object CMakeFiles/cmTC_1aae6.dir/CheckSymbolExists.c.o
/usr/bin/cc     -o CMakeFiles/cmTC_1aae6.dir/CheckSymbolExists.c.o   -c /home/meirelles/ws_moveit/build/panda_moveit_config/CMakeFiles/CMakeTmp/CheckSymbolExists.c
Linking C executable cmTC_1aae6
/usr/bin/cmake -E cmake_link_script CMakeFiles/cmTC_1aae6.dir/link.txt --verbose=1
/usr/bin/cc       CMakeFiles/cmTC_1aae6.dir/CheckSymbolExists.c.o  -o cmTC_1aae6 -rdynamic 
CMakeFiles/cmTC_1aae6.dir/CheckSymbolExists.c.o: In function `main':
CheckSymbolExists.c:(.text+0x16): undefined reference to `pthread_create'
collect2: error: ld returned 1 exit status
CMakeFiles/cmTC_1aae6.dir/build.make:97: recipe for target 'cmTC_1aae6' failed
make[1]: *** [cmTC_1aae6] Error 1
make[1]: Leaving directory '/home/meirelles/ws_moveit/build/panda_moveit_config/CMakeFiles/CMakeTmp'
Makefile:126: recipe for target 'cmTC_1aae6/fast' failed
make: *** [cmTC_1aae6/fast] Error 2

File /home/meirelles/ws_moveit/build/panda_moveit_config/CMakeFiles/CMakeTmp/CheckSymbolExists.c:
/* */
#include <pthread.h>

int main(int argc, char** argv)
{
  (void)argv;
#ifndef pthread_create
  return ((int*)(&pthread_create))[argc];
#else
  (void)argc;
  return 0;
#endif
}

Determining if the function pthread_create exists in the pthreads failed with the following output:
Change Dir: /home/meirelles/ws_moveit/build/panda_moveit_config/CMakeFiles/CMakeTmp

Run Build Command:"/usr/bin/make" "cmTC_6f9ea/fast"
/usr/bin/make -f CMakeFiles/cmTC_6f9ea.dir/build.make CMakeFiles/cmTC_6f9ea.dir/build
make[1]: Entering directory '/home/meirelles/ws_moveit/build/panda_moveit_config/CMakeFiles/CMakeTmp'
Building C object CMakeFiles/cmTC_6f9ea.dir/CheckFunctionExists.c.o
/usr/bin/cc    -DCHECK_FUNCTION_EXISTS=pthread_create   -o CMakeFiles/cmTC_6f9ea.dir/CheckFunctionExists.c.o   -c /usr/share/cmake-3.5/Modules/CheckFunctionExists.c
Linking C executable cmTC_6f9ea
/usr/bin/cmake -E cmake_link_script CMakeFiles/cmTC_6f9ea.dir/link.txt --verbose=1
/usr/bin/cc   -DCHECK_FUNCTION_EXISTS=pthread_create    CMakeFiles/cmTC_6f9ea.dir/CheckFunctionExists.c.o  -o cmTC_6f9ea -rdynamic -lpthreads 
/usr/bin/ld: cannot find -lpthreads
collect2: error: ld returned 1 exit status
CMakeFiles/cmTC_6f9ea.dir/build.make:97: recipe for target 'cmTC_6f9ea' failed
make[1]: *** [cmTC_6f9ea] Error 1
make[1]: Leaving directory '/home/meirelles/ws_moveit/build/panda_moveit_config/CMakeFiles/CMakeTmp'
Makefile:126: recipe for target 'cmTC_6f9ea/fast' failed
make: *** [cmTC_6f9ea/fast] Error 2


