Warning: Cannot symlink from /home/meirelles/Documents/A.L.M.A./rosenv/ws_control/devel/.private/moveit_tutorials/share/moveit_tutorials/cmake/moveit_tutorialsConfig.cmake to existing file /home/meirelles/Documents/A.L.M.A./rosenv/ws_control/devel/share/moveit_tutorials/cmake/moveit_tutorialsConfig.cmake
Warning: Source hash: c7406744028cc972bee30c33190786ec
Warning: Dest hash: a59e814457f4359b9e93e51106e49d0d
Warning: Cannot symlink from /home/meirelles/Documents/A.L.M.A./rosenv/ws_control/devel/.private/moveit_tutorials/lib/libinteractivity_utils.so to existing file /home/meirelles/Documents/A.L.M.A./rosenv/ws_control/devel/lib/libinteractivity_utils.so
Warning: Source hash: bbf681182984a5b5007e3a4b6a832bfc
Warning: Dest hash: ac1c514e067907cdfee648fb758729bd
Warning: Cannot symlink from /home/meirelles/Documents/A.L.M.A./rosenv/ws_control/devel/.private/moveit_tutorials/lib/moveit_tutorials/visualizing_collisions_tutorial to existing file /home/meirelles/Documents/A.L.M.A./rosenv/ws_control/devel/lib/moveit_tutorials/visualizing_collisions_tutorial
Warning: Source hash: f83a40c21c2a487c55126a794d842567
Warning: Dest hash: fc2b7bb577eb17ac9510201adc2bb92a
Warning: Cannot symlink from /home/meirelles/Documents/A.L.M.A./rosenv/ws_control/devel/.private/moveit_tutorials/lib/moveit_tutorials/move_group_interface_tutorial to existing file /home/meirelles/Documents/A.L.M.A./rosenv/ws_control/devel/lib/moveit_tutorials/move_group_interface_tutorial
Warning: Source hash: 383139b080cb7944a943ea8613d2ccad
Warning: Dest hash: 4cab585f6e7c46a65216893cac12c931
Warning: Cannot symlink from /home/meirelles/Documents/A.L.M.A./rosenv/ws_control/devel/.private/moveit_tutorials/lib/moveit_tutorials/planning_scene_ros_api_tutorial to existing file /home/meirelles/Documents/A.L.M.A./rosenv/ws_control/devel/lib/moveit_tutorials/planning_scene_ros_api_tutorial
Warning: Source hash: e3f6208912c66c502a619f4e77060a73
Warning: Dest hash: 2f2847a31ad04f23c0ed1ca91d372026
Warning: Cannot symlink from /home/meirelles/Documents/A.L.M.A./rosenv/ws_control/devel/.private/moveit_tutorials/lib/moveit_tutorials/motion_planning_pipeline_tutorial to existing file /home/meirelles/Documents/A.L.M.A./rosenv/ws_control/devel/lib/moveit_tutorials/motion_planning_pipeline_tutorial
Warning: Source hash: 3c8a490d6c546f8c8cf939cc7ea1e96a
Warning: Dest hash: 766af09b50d4ce1ea0cc65f0677d3bce
Warning: Cannot symlink from /home/meirelles/Documents/A.L.M.A./rosenv/ws_control/devel/.private/moveit_tutorials/lib/moveit_tutorials/cylinder_segment to existing file /home/meirelles/Documents/A.L.M.A./rosenv/ws_control/devel/lib/moveit_tutorials/cylinder_segment
Warning: Source hash: 64a7ea24abef7647156f82c48448bd6c
Warning: Dest hash: 6a6e0c0630e81e781dac5c3db2b57c41
Warning: Cannot symlink from /home/meirelles/Documents/A.L.M.A./rosenv/ws_control/devel/.private/moveit_tutorials/lib/moveit_tutorials/state_display_tutorial to existing file /home/meirelles/Documents/A.L.M.A./rosenv/ws_control/devel/lib/moveit_tutorials/state_display_tutorial
Warning: Source hash: 5e5817a6a41e04139633a86c3b63944e
Warning: Dest hash: 185f51a40f2d488162e6adb264c72e86
Warning: Cannot symlink from /home/meirelles/Documents/A.L.M.A./rosenv/ws_control/devel/.private/moveit_tutorials/lib/moveit_tutorials/planning_scene_tutorial to existing file /home/meirelles/Documents/A.L.M.A./rosenv/ws_control/devel/lib/moveit_tutorials/planning_scene_tutorial
Warning: Source hash: 792ddd39ca3f28b62f265a706e39ce89
Warning: Dest hash: 1ae63f7fc8b5908b24e8e8f29eed5355
Warning: Cannot symlink from /home/meirelles/Documents/A.L.M.A./rosenv/ws_control/devel/.private/moveit_tutorials/lib/moveit_tutorials/ros_api_tutorial to existing file /home/meirelles/Documents/A.L.M.A./rosenv/ws_control/devel/lib/moveit_tutorials/ros_api_tutorial
Warning: Source hash: 49ce0d40c99b4077fda7b15bf645b03d
Warning: Dest hash: e5c099ad2f2e7c70404b17687b949b38
Warning: Cannot symlink from /home/meirelles/Documents/A.L.M.A./rosenv/ws_control/devel/.private/moveit_tutorials/lib/moveit_tutorials/robot_model_and_robot_state_tutorial to existing file /home/meirelles/Documents/A.L.M.A./rosenv/ws_control/devel/lib/moveit_tutorials/robot_model_and_robot_state_tutorial
Warning: Source hash: 832a691b523730a3b40f533f67d4ed90
Warning: Dest hash: e6df5f40dd73fdb0b9cdc71e8d8c9b25
Warning: Cannot symlink from /home/meirelles/Documents/A.L.M.A./rosenv/ws_control/devel/.private/moveit_tutorials/lib/moveit_tutorials/motion_planning_api_tutorial to existing file /home/meirelles/Documents/A.L.M.A./rosenv/ws_control/devel/lib/moveit_tutorials/motion_planning_api_tutorial
Warning: Source hash: c9a7dfc8eb6357d2bc6e594ca2e34e2d
Warning: Dest hash: a96f172426b3866c3252d35bb839cb09
Warning: Cannot symlink from /home/meirelles/Documents/A.L.M.A./rosenv/ws_control/devel/.private/moveit_tutorials/lib/pkgconfig/moveit_tutorials.pc to existing file /home/meirelles/Documents/A.L.M.A./rosenv/ws_control/devel/lib/pkgconfig/moveit_tutorials.pc
Warning: Source hash: bc9a4bb2ad864ceac44962407fad302f
Warning: Dest hash: c0260bde184e64e405fac7d682ed71a4
Cleaning: (/home/meirelles/ws_moveit/devel/.private/moveit_tutorials/cmake.lock, /home/meirelles/ws_moveit/devel/./cmake.lock)
Cleaning: (/home/meirelles/ws_moveit/devel/.private/moveit_tutorials/share/moveit_tutorials/cmake/moveit_tutorialsConfig.cmake, /home/meirelles/ws_moveit/devel/share/moveit_tutorials/cmake/moveit_tutorialsConfig.cmake)
Cleaning: (/home/meirelles/ws_moveit/devel/.private/moveit_tutorials/share/moveit_tutorials/cmake/moveit_tutorialsConfig-version.cmake, /home/meirelles/ws_moveit/devel/share/moveit_tutorials/cmake/moveit_tutorialsConfig-version.cmake)
Cleaning: (/home/meirelles/ws_moveit/devel/.private/moveit_tutorials/lib/libinteractivity_utils.so, /home/meirelles/ws_moveit/devel/lib/libinteractivity_utils.so)
Cleaning: (/home/meirelles/ws_moveit/devel/.private/moveit_tutorials/lib/moveit_tutorials/visualizing_collisions_tutorial, /home/meirelles/ws_moveit/devel/lib/moveit_tutorials/visualizing_collisions_tutorial)
Cleaning: (/home/meirelles/ws_moveit/devel/.private/moveit_tutorials/lib/moveit_tutorials/move_group_interface_tutorial, /home/meirelles/ws_moveit/devel/lib/moveit_tutorials/move_group_interface_tutorial)
Cleaning: (/home/meirelles/ws_moveit/devel/.private/moveit_tutorials/lib/moveit_tutorials/planning_scene_ros_api_tutorial, /home/meirelles/ws_moveit/devel/lib/moveit_tutorials/planning_scene_ros_api_tutorial)
Cleaning: (/home/meirelles/ws_moveit/devel/.private/moveit_tutorials/lib/moveit_tutorials/bag_publisher_maintain_time, /home/meirelles/ws_moveit/devel/lib/moveit_tutorials/bag_publisher_maintain_time)
Cleaning: (/home/meirelles/ws_moveit/devel/.private/moveit_tutorials/lib/moveit_tutorials/motion_planning_pipeline_tutorial, /home/meirelles/ws_moveit/devel/lib/moveit_tutorials/motion_planning_pipeline_tutorial)
Cleaning: (/home/meirelles/ws_moveit/devel/.private/moveit_tutorials/lib/moveit_tutorials/cylinder_segment, /home/meirelles/ws_moveit/devel/lib/moveit_tutorials/cylinder_segment)
Cleaning: (/home/meirelles/ws_moveit/devel/.private/moveit_tutorials/lib/moveit_tutorials/state_display_tutorial, /home/meirelles/ws_moveit/devel/lib/moveit_tutorials/state_display_tutorial)
Cleaning: (/home/meirelles/ws_moveit/devel/.private/moveit_tutorials/lib/moveit_tutorials/planning_scene_tutorial, /home/meirelles/ws_moveit/devel/lib/moveit_tutorials/planning_scene_tutorial)
Cleaning: (/home/meirelles/ws_moveit/devel/.private/moveit_tutorials/lib/moveit_tutorials/ros_api_tutorial, /home/meirelles/ws_moveit/devel/lib/moveit_tutorials/ros_api_tutorial)
Cleaning: (/home/meirelles/ws_moveit/devel/.private/moveit_tutorials/lib/moveit_tutorials/robot_model_and_robot_state_tutorial, /home/meirelles/ws_moveit/devel/lib/moveit_tutorials/robot_model_and_robot_state_tutorial)
Cleaning: (/home/meirelles/ws_moveit/devel/.private/moveit_tutorials/lib/moveit_tutorials/pick_place_tutorial, /home/meirelles/ws_moveit/devel/lib/moveit_tutorials/pick_place_tutorial)
Cleaning: (/home/meirelles/ws_moveit/devel/.private/moveit_tutorials/lib/moveit_tutorials/motion_planning_api_tutorial, /home/meirelles/ws_moveit/devel/lib/moveit_tutorials/motion_planning_api_tutorial)
Cleaning: (/home/meirelles/ws_moveit/devel/.private/moveit_tutorials/lib/pkgconfig/moveit_tutorials.pc, /home/meirelles/ws_moveit/devel/lib/pkgconfig/moveit_tutorials.pc)
Unlinking: /home/meirelles/ws_moveit/devel/share/moveit_tutorials/cmake/moveit_tutorialsConfig.cmake
Unlinking: /home/meirelles/ws_moveit/devel/share/moveit_tutorials/cmake/moveit_tutorialsConfig-version.cmake
Unlinking: /home/meirelles/ws_moveit/devel/lib/libinteractivity_utils.so
Unlinking: /home/meirelles/ws_moveit/devel/lib/moveit_tutorials/visualizing_collisions_tutorial
Unlinking: /home/meirelles/ws_moveit/devel/lib/moveit_tutorials/move_group_interface_tutorial
Unlinking: /home/meirelles/ws_moveit/devel/lib/moveit_tutorials/planning_scene_ros_api_tutorial
Unlinking: /home/meirelles/ws_moveit/devel/lib/moveit_tutorials/bag_publisher_maintain_time
Unlinking: /home/meirelles/ws_moveit/devel/lib/moveit_tutorials/motion_planning_pipeline_tutorial
Unlinking: /home/meirelles/ws_moveit/devel/lib/moveit_tutorials/cylinder_segment
Unlinking: /home/meirelles/ws_moveit/devel/lib/moveit_tutorials/state_display_tutorial
Unlinking: /home/meirelles/ws_moveit/devel/lib/moveit_tutorials/planning_scene_tutorial
Unlinking: /home/meirelles/ws_moveit/devel/lib/moveit_tutorials/ros_api_tutorial
Unlinking: /home/meirelles/ws_moveit/devel/lib/moveit_tutorials/robot_model_and_robot_state_tutorial
Unlinking: /home/meirelles/ws_moveit/devel/lib/moveit_tutorials/pick_place_tutorial
Unlinking: /home/meirelles/ws_moveit/devel/lib/moveit_tutorials/motion_planning_api_tutorial
Unlinking: /home/meirelles/ws_moveit/devel/lib/pkgconfig/moveit_tutorials.pc
