Determining if the pthread_create exist failed with the following output:
Change Dir: /home/meirelles/Documents/A.L.M.A./rosenv/catkin_control_ws/build/CMakeFiles/CMakeTmp

Run Build Command:"/usr/bin/make" "cmTC_77369/fast"
/usr/bin/make -f CMakeFiles/cmTC_77369.dir/build.make CMakeFiles/cmTC_77369.dir/build
make[1]: Entering directory '/home/meirelles/Documents/A.L.M.A./rosenv/catkin_control_ws/build/CMakeFiles/CMakeTmp'
Building C object CMakeFiles/cmTC_77369.dir/CheckSymbolExists.c.o
/usr/bin/cc     -o CMakeFiles/cmTC_77369.dir/CheckSymbolExists.c.o   -c /home/meirelles/Documents/A.L.M.A./rosenv/catkin_control_ws/build/CMakeFiles/CMakeTmp/CheckSymbolExists.c
Linking C executable cmTC_77369
/usr/bin/cmake -E cmake_link_script CMakeFiles/cmTC_77369.dir/link.txt --verbose=1
/usr/bin/cc       CMakeFiles/cmTC_77369.dir/CheckSymbolExists.c.o  -o cmTC_77369 -rdynamic 
CMakeFiles/cmTC_77369.dir/CheckSymbolExists.c.o: In function `main':
CheckSymbolExists.c:(.text+0x16): undefined reference to `pthread_create'
collect2: error: ld returned 1 exit status
CMakeFiles/cmTC_77369.dir/build.make:97: recipe for target 'cmTC_77369' failed
make[1]: *** [cmTC_77369] Error 1
make[1]: Leaving directory '/home/meirelles/Documents/A.L.M.A./rosenv/catkin_control_ws/build/CMakeFiles/CMakeTmp'
Makefile:126: recipe for target 'cmTC_77369/fast' failed
make: *** [cmTC_77369/fast] Error 2

File /home/meirelles/Documents/A.L.M.A./rosenv/catkin_control_ws/build/CMakeFiles/CMakeTmp/CheckSymbolExists.c:
/* */
#include <pthread.h>

int main(int argc, char** argv)
{
  (void)argv;
#ifndef pthread_create
  return ((int*)(&pthread_create))[argc];
#else
  (void)argc;
  return 0;
#endif
}

Determining if the function pthread_create exists in the pthreads failed with the following output:
Change Dir: /home/meirelles/Documents/A.L.M.A./rosenv/catkin_control_ws/build/CMakeFiles/CMakeTmp

Run Build Command:"/usr/bin/make" "cmTC_e33c2/fast"
/usr/bin/make -f CMakeFiles/cmTC_e33c2.dir/build.make CMakeFiles/cmTC_e33c2.dir/build
make[1]: Entering directory '/home/meirelles/Documents/A.L.M.A./rosenv/catkin_control_ws/build/CMakeFiles/CMakeTmp'
Building C object CMakeFiles/cmTC_e33c2.dir/CheckFunctionExists.c.o
/usr/bin/cc    -DCHECK_FUNCTION_EXISTS=pthread_create   -o CMakeFiles/cmTC_e33c2.dir/CheckFunctionExists.c.o   -c /usr/share/cmake-3.5/Modules/CheckFunctionExists.c
Linking C executable cmTC_e33c2
/usr/bin/cmake -E cmake_link_script CMakeFiles/cmTC_e33c2.dir/link.txt --verbose=1
/usr/bin/cc   -DCHECK_FUNCTION_EXISTS=pthread_create    CMakeFiles/cmTC_e33c2.dir/CheckFunctionExists.c.o  -o cmTC_e33c2 -rdynamic -lpthreads 
/usr/bin/ld: cannot find -lpthreads
collect2: error: ld returned 1 exit status
CMakeFiles/cmTC_e33c2.dir/build.make:97: recipe for target 'cmTC_e33c2' failed
make[1]: *** [cmTC_e33c2] Error 1
make[1]: Leaving directory '/home/meirelles/Documents/A.L.M.A./rosenv/catkin_control_ws/build/CMakeFiles/CMakeTmp'
Makefile:126: recipe for target 'cmTC_e33c2/fast' failed
make: *** [cmTC_e33c2/fast] Error 2


