Determining if the pthread_create exist failed with the following output:
Change Dir: /home/pedro/Documents/TCC/rosenv/catkin_ws/build/CMakeFiles/CMakeTmp

Run Build Command:"/usr/bin/make" "cmTC_aa6f4/fast"
/usr/bin/make -f CMakeFiles/cmTC_aa6f4.dir/build.make CMakeFiles/cmTC_aa6f4.dir/build
make[1]: Entering directory '/home/pedro/Documents/TCC/rosenv/catkin_ws/build/CMakeFiles/CMakeTmp'
Building C object CMakeFiles/cmTC_aa6f4.dir/CheckSymbolExists.c.o
/usr/bin/cc     -o CMakeFiles/cmTC_aa6f4.dir/CheckSymbolExists.c.o   -c /home/pedro/Documents/TCC/rosenv/catkin_ws/build/CMakeFiles/CMakeTmp/CheckSymbolExists.c
Linking C executable cmTC_aa6f4
/usr/bin/cmake -E cmake_link_script CMakeFiles/cmTC_aa6f4.dir/link.txt --verbose=1
/usr/bin/cc       CMakeFiles/cmTC_aa6f4.dir/CheckSymbolExists.c.o  -o cmTC_aa6f4 -rdynamic 
CMakeFiles/cmTC_aa6f4.dir/CheckSymbolExists.c.o: In function `main':
CheckSymbolExists.c:(.text+0x16): undefined reference to `pthread_create'
collect2: error: ld returned 1 exit status
CMakeFiles/cmTC_aa6f4.dir/build.make:97: recipe for target 'cmTC_aa6f4' failed
make[1]: *** [cmTC_aa6f4] Error 1
make[1]: Leaving directory '/home/pedro/Documents/TCC/rosenv/catkin_ws/build/CMakeFiles/CMakeTmp'
Makefile:126: recipe for target 'cmTC_aa6f4/fast' failed
make: *** [cmTC_aa6f4/fast] Error 2

File /home/pedro/Documents/TCC/rosenv/catkin_ws/build/CMakeFiles/CMakeTmp/CheckSymbolExists.c:
/* */
#include <pthread.h>

int main(int argc, char** argv)
{
  (void)argv;
#ifndef pthread_create
  return ((int*)(&pthread_create))[argc];
#else
  (void)argc;
  return 0;
#endif
}

Determining if the function pthread_create exists in the pthreads failed with the following output:
Change Dir: /home/pedro/Documents/TCC/rosenv/catkin_ws/build/CMakeFiles/CMakeTmp

Run Build Command:"/usr/bin/make" "cmTC_bdc2f/fast"
/usr/bin/make -f CMakeFiles/cmTC_bdc2f.dir/build.make CMakeFiles/cmTC_bdc2f.dir/build
make[1]: Entering directory '/home/pedro/Documents/TCC/rosenv/catkin_ws/build/CMakeFiles/CMakeTmp'
Building C object CMakeFiles/cmTC_bdc2f.dir/CheckFunctionExists.c.o
/usr/bin/cc    -DCHECK_FUNCTION_EXISTS=pthread_create   -o CMakeFiles/cmTC_bdc2f.dir/CheckFunctionExists.c.o   -c /usr/share/cmake-3.5/Modules/CheckFunctionExists.c
Linking C executable cmTC_bdc2f
/usr/bin/cmake -E cmake_link_script CMakeFiles/cmTC_bdc2f.dir/link.txt --verbose=1
/usr/bin/cc   -DCHECK_FUNCTION_EXISTS=pthread_create    CMakeFiles/cmTC_bdc2f.dir/CheckFunctionExists.c.o  -o cmTC_bdc2f -rdynamic -lpthreads 
/usr/bin/ld: cannot find -lpthreads
collect2: error: ld returned 1 exit status
CMakeFiles/cmTC_bdc2f.dir/build.make:97: recipe for target 'cmTC_bdc2f' failed
make[1]: *** [cmTC_bdc2f] Error 1
make[1]: Leaving directory '/home/pedro/Documents/TCC/rosenv/catkin_ws/build/CMakeFiles/CMakeTmp'
Makefile:126: recipe for target 'cmTC_bdc2f/fast' failed
make: *** [cmTC_bdc2f/fast] Error 2


